<?xml version="1.0" encoding="UTF-8"?>
<testng-results skipped="0" failed="0" ignored="0" total="1" passed="1">
  <reporter-output>
  </reporter-output>
  <suite name="Default suite" duration-ms="22396" started-at="2019-10-29T08:28:44Z" finished-at="2019-10-29T08:29:07Z">
    <groups>
    </groups>
    <test name="Default test" duration-ms="22396" started-at="2019-10-29T08:28:44Z" finished-at="2019-10-29T08:29:07Z">
      <class name="com.TestCases.FBLoginTest">
        <test-method status="PASS" signature="objectFactory()[pri:0, instance:com.TestCases.FBLoginTest@6767c1fc]" name="objectFactory" is-config="true" duration-ms="1176" started-at="2019-10-29T13:58:43Z" finished-at="2019-10-29T13:58:44Z">
          <reporter-output>
          </reporter-output>
        </test-method> <!-- objectFactory -->
        <test-method status="PASS" signature="setup()[pri:0, instance:com.TestCases.FBLoginTest@6767c1fc]" name="setup" is-config="true" duration-ms="6264" started-at="2019-10-29T13:58:44Z" finished-at="2019-10-29T13:58:51Z">
          <reporter-output>
          </reporter-output>
        </test-method> <!-- setup -->
        <test-method status="PASS" signature="logintoGmailThroughSekuli()[pri:1, instance:com.TestCases.FBLoginTest@6767c1fc]" name="logintoGmailThroughSekuli" duration-ms="13814" started-at="2019-10-29T13:58:51Z" finished-at="2019-10-29T13:59:05Z">
          <reporter-output>
          </reporter-output>
        </test-method> <!-- logintoGmailThroughSekuli -->
        <test-method status="PASS" signature="screenshot(org.testng.ITestResult)[pri:0, instance:com.TestCases.FBLoginTest@6767c1fc]" name="screenshot" is-config="true" duration-ms="1358" started-at="2019-10-29T13:59:05Z" finished-at="2019-10-29T13:59:06Z">
          <params>
            <param index="0">
              <value>
                <![CDATA[[TestResult name=logintoGmailThroughSekuli status=SUCCESS method=FBLoginTest.logintoGmailThroughSekuli()[pri:1, instance:com.TestCases.FBLoginTest@6767c1fc] output={null}]]]>
              </value>
            </param>
          </params>
          <reporter-output>
          </reporter-output>
        </test-method> <!-- screenshot -->
        <test-method status="PASS" signature="tearDown()[pri:0, instance:com.TestCases.FBLoginTest@6767c1fc]" name="tearDown" is-config="true" duration-ms="921" started-at="2019-10-29T13:59:06Z" finished-at="2019-10-29T13:59:07Z">
          <reporter-output>
          </reporter-output>
        </test-method> <!-- tearDown -->
      </class> <!-- com.TestCases.FBLoginTest -->
    </test> <!-- Default test -->
  </suite> <!-- Default suite -->
</testng-results>
