<?xml version="1.0" encoding="UTF-8"?>
<testng-results skipped="0" failed="0" ignored="0" total="1" passed="1">
  <reporter-output>
  </reporter-output>
  <suite name="Default suite" duration-ms="14988" started-at="2019-10-27T09:38:50Z" finished-at="2019-10-27T09:39:05Z">
    <groups>
    </groups>
    <test name="Default test" duration-ms="14988" started-at="2019-10-27T09:38:50Z" finished-at="2019-10-27T09:39:05Z">
      <class name="com.TestCases.FBLoginTest">
        <test-method status="PASS" signature="objectFactory()[pri:0, instance:com.TestCases.FBLoginTest@6767c1fc]" name="objectFactory" is-config="true" duration-ms="1307" started-at="2019-10-27T15:08:49Z" finished-at="2019-10-27T15:08:50Z">
          <reporter-output>
          </reporter-output>
        </test-method> <!-- objectFactory -->
        <test-method status="PASS" signature="setup()[pri:0, instance:com.TestCases.FBLoginTest@6767c1fc]" name="setup" is-config="true" duration-ms="9495" started-at="2019-10-27T15:08:50Z" finished-at="2019-10-27T15:08:59Z">
          <reporter-output>
          </reporter-output>
        </test-method> <!-- setup -->
        <test-method status="PASS" signature="loginFB()[pri:1, instance:com.TestCases.FBLoginTest@6767c1fc]" name="loginFB" duration-ms="3299" started-at="2019-10-27T15:08:59Z" finished-at="2019-10-27T15:09:03Z">
          <reporter-output>
          </reporter-output>
        </test-method> <!-- loginFB -->
        <test-method status="PASS" signature="screenshot(org.testng.ITestResult)[pri:0, instance:com.TestCases.FBLoginTest@6767c1fc]" name="screenshot" is-config="true" duration-ms="1288" started-at="2019-10-27T15:09:03Z" finished-at="2019-10-27T15:09:04Z">
          <params>
            <param index="0">
              <value>
                <![CDATA[[TestResult name=loginFB status=SUCCESS method=FBLoginTest.loginFB()[pri:1, instance:com.TestCases.FBLoginTest@6767c1fc] output={null}]]]>
              </value>
            </param>
          </params>
          <reporter-output>
          </reporter-output>
        </test-method> <!-- screenshot -->
        <test-method status="PASS" signature="tearDown()[pri:0, instance:com.TestCases.FBLoginTest@6767c1fc]" name="tearDown" is-config="true" duration-ms="870" started-at="2019-10-27T15:09:04Z" finished-at="2019-10-27T15:09:05Z">
          <reporter-output>
          </reporter-output>
        </test-method> <!-- tearDown -->
      </class> <!-- com.TestCases.FBLoginTest -->
    </test> <!-- Default test -->
  </suite> <!-- Default suite -->
</testng-results>
