<?xml version="1.0" encoding="UTF-8"?>
<!-- Generated by org.testng.reporters.JUnitXMLReporter -->
<testsuite ignored="2" hostname="Shubhams-MacBook-Pro.local" failures="0" tests="1" name="Default test" time="9.6" errors="0" timestamp="2022-07-14T00:03:34 IST">
  <testcase classname="com.TestCases.PhpTravelLoginTest" name="loginIntoPhpTravel2" time="4.098"/>
  <testcase classname="com.TestCases.PhpTravelLoginTest" name="loginIntoPhpTravel3" time="0.0">
    <ignored/>
  </testcase> <!-- loginIntoPhpTravel3 -->
  <testcase classname="com.TestCases.PhpTravelLoginTest" name="loginIntoPhpTravel" time="0.0">
    <ignored/>
  </testcase> <!-- loginIntoPhpTravel -->
</testsuite> <!-- Default test -->
