<?xml version="1.0" encoding="UTF-8"?>
<!-- Generated by org.testng.reporters.JUnitXMLReporter -->
<testsuite ignored="0" hostname="Shubhams-MBP" failures="0" tests="3" name="Test" time="12.901" errors="0" timestamp="2021-09-22T13:15:17 IST">
  <testcase classname="com.TestCases.PhpTravelLoginTest" name="loginIntoPhpTravel2" time="7.887"/>
  <testcase classname="com.TestCases.PhpTravelLoginTest" name="loginIntoPhpTravel3" time="8.397"/>
  <testcase classname="com.TestCases.PhpTravelLoginTest" name="loginIntoPhpTravel" time="8.799"/>
</testsuite> <!-- Test -->
